<?xml version="1.0" encoding="UTF-8"?>
<!-- Generated by org.testng.reporters.JUnitXMLReporter -->
<testsuite hostname="DESKTOP-JKQG76B" ignored="0" name="Default test(failed)" tests="1" failures="1" timestamp="28 Dec 2018 03:56:15 GMT" time="23.749" errors="0">
  <testcase name="shopSupport" time="4.499" classname="homePage.PageTest">
    <failure type="org.openqa.selenium.WebDriverException" message="unknown error: Element &amp;lt;span class=&amp;quot;auth-pull-left&amp;quot;&amp;gt;...&amp;lt;/span&amp;gt; is not clickable at point (375, 134). Other element would receive the click: &amp;lt;a href=&amp;quot;#&amp;quot; role=&amp;quot;menuitem&amp;quot; class=&amp;quot;slideout-toggle hide-sm hide-xsm hide-md&amp;quot; aria-expanded=&amp;quot;false&amp;quot; aria-haspopup=&amp;quot;true&amp;quot; data-analytics-action=&amp;quot;linkClick&amp;quot; data-analytics-code=&amp;quot;Link_Click&amp;quot; data-analytics-info=&amp;quot;{&amp;amp;quot;events.linkDestinationUrl&amp;amp;quot;:&amp;amp;quot;&amp;amp;quot;,&amp;amp;quot;events.linkName&amp;amp;quot;:&amp;amp;quot;TV&amp;amp;quot;,&amp;amp;quot;events.linkPath&amp;amp;quot;:&amp;amp;quot;TV&amp;amp;quot;,&amp;amp;quot;events.linkPosition&amp;amp;quot;:&amp;amp;quot;SubNav&amp;amp;quot;,&amp;amp;quot;events.supmethod&amp;amp;quot;:&amp;amp;quot;OT&amp;amp;quot;}&amp;quot;&amp;gt;...&amp;lt;/a&amp;gt;
  (Session info: chrome=71.0.3578.98)
  (Driver info: chromedriver=2.44.609538 (b655c5a60b0b544917107a59d4153d4bf78e1b90),platform=Windows NT 10.0.17763 x86_64) (WARNING: The server did not provide any stacktrace information)
Command duration or timeout: 0 milliseconds
Build info: version: &amp;apos;3.5.2&amp;apos;, revision: &amp;apos;10229a9&amp;apos;, time: &amp;apos;2017-08-21T17:29:55.15Z&amp;apos;
System info: host: &amp;apos;DESKTOP-JKQG76B&amp;apos;, ip: &amp;apos;192.168.0.102&amp;apos;, os.name: &amp;apos;Windows 10&amp;apos;, os.arch: &amp;apos;amd64&amp;apos;, os.version: &amp;apos;10.0&amp;apos;, java.version: &amp;apos;1.8.0_191&amp;apos;
Driver info: org.openqa.selenium.chrome.ChromeDriver
Capabilities [{mobileEmulationEnabled=false, hasTouchScreen=false, platform=XP, acceptSslCerts=false, goog:chromeOptions={debuggerAddress=localhost:57409}, acceptInsecureCerts=false, webStorageEnabled=true, browserName=chrome, takesScreenshot=true, javascriptEnabled=true, setWindowRect=true, unexpectedAlertBehaviour=ignore, applicationCacheEnabled=false, rotatable=false, networkConnectionEnabled=false, chrome={chromedriverVersion=2.44.609538 (b655c5a60b0b544917107a59d4153d4bf78e1b90), userDataDir=C:\Users\Ajinkya\AppData\Local\Temp\scoped_dir18904_14185}, takesHeapSnapshot=true, unhandledPromptBehavior=ignore, pageLoadStrategy=normal, databaseEnabled=false, handlesAlerts=true, version=71.0.3578.98, browserConnectionEnabled=false, nativeEvents=true, locationContextEnabled=true, cssSelectorsEnabled=true}]
Session ID: f407f39196c4b541c4c84812c9f8bc22">
      <![CDATA[org.openqa.selenium.WebDriverException: unknown error: Element <span class="auth-pull-left">...</span> is not clickable at point (375, 134). Other element would receive the click: <a href="#" role="menuitem" class="slideout-toggle hide-sm hide-xsm hide-md" aria-expanded="false" aria-haspopup="true" data-analytics-action="linkClick" data-analytics-code="Link_Click" data-analytics-info="{&quot;events.linkDestinationUrl&quot;:&quot;&quot;,&quot;events.linkName&quot;:&quot;TV&quot;,&quot;events.linkPath&quot;:&quot;TV&quot;,&quot;events.linkPosition&quot;:&quot;SubNav&quot;,&quot;events.supmethod&quot;:&quot;OT&quot;}">...</a>
  (Session info: chrome=71.0.3578.98)
  (Driver info: chromedriver=2.44.609538 (b655c5a60b0b544917107a59d4153d4bf78e1b90),platform=Windows NT 10.0.17763 x86_64) (WARNING: The server did not provide any stacktrace information)
Command duration or timeout: 0 milliseconds
Build info: version: '3.5.2', revision: '10229a9', time: '2017-08-21T17:29:55.15Z'
System info: host: 'DESKTOP-JKQG76B', ip: '192.168.0.102', os.name: 'Windows 10', os.arch: 'amd64', os.version: '10.0', java.version: '1.8.0_191'
Driver info: org.openqa.selenium.chrome.ChromeDriver
Capabilities [{mobileEmulationEnabled=false, hasTouchScreen=false, platform=XP, acceptSslCerts=false, goog:chromeOptions={debuggerAddress=localhost:57409}, acceptInsecureCerts=false, webStorageEnabled=true, browserName=chrome, takesScreenshot=true, javascriptEnabled=true, setWindowRect=true, unexpectedAlertBehaviour=ignore, applicationCacheEnabled=false, rotatable=false, networkConnectionEnabled=false, chrome={chromedriverVersion=2.44.609538 (b655c5a60b0b544917107a59d4153d4bf78e1b90), userDataDir=C:\Users\Ajinkya\AppData\Local\Temp\scoped_dir18904_14185}, takesHeapSnapshot=true, unhandledPromptBehavior=ignore, pageLoadStrategy=normal, databaseEnabled=false, handlesAlerts=true, version=71.0.3578.98, browserConnectionEnabled=false, nativeEvents=true, locationContextEnabled=true, cssSelectorsEnabled=true}]
Session ID: f407f39196c4b541c4c84812c9f8bc22
at org.openqa.selenium.remote.ErrorHandler.createThrowable(ErrorHandler.java:215)
at org.openqa.selenium.remote.ErrorHandler.throwIfResponseFailed(ErrorHandler.java:167)
at org.openqa.selenium.remote.http.JsonHttpResponseCodec.reconstructValue(JsonHttpResponseCodec.java:40)
at org.openqa.selenium.remote.http.AbstractHttpResponseCodec.decode(AbstractHttpResponseCodec.java:82)
at org.openqa.selenium.remote.http.AbstractHttpResponseCodec.decode(AbstractHttpResponseCodec.java:45)
at org.openqa.selenium.remote.HttpCommandExecutor.execute(HttpCommandExecutor.java:164)
at org.openqa.selenium.remote.service.DriverCommandExecutor.execute(DriverCommandExecutor.java:82)
at org.openqa.selenium.remote.RemoteWebDriver.execute(RemoteWebDriver.java:641)
at org.openqa.selenium.remote.RemoteWebElement.execute(RemoteWebElement.java:275)
at org.openqa.selenium.remote.RemoteWebElement.click(RemoteWebElement.java:82)
at org.openqa.selenium.support.pagefactory.internal.LocatingElementHandler.invoke(LocatingElementHandler.java:51)
at com.sun.proxy.$Proxy9.click(Unknown Source)
at commenPackage.WebButton.clickButton(WebButton.java:15)
at shopSupport.nextPage.ShopSupportPage2Action.clickPhoneTablet(ShopSupportPage2Action.java:28)
at shopSupport.nextPage.ShopSupportPage2Verify.verifyPhoneTablet(ShopSupportPage2Verify.java:18)
at homePage.PageTest.shopSupport(PageTest.java:31)
... Removed 33 stack frames]]>
    </failure>
  </testcase> <!-- shopSupport -->
</testsuite> <!-- Default test(failed) -->
